p/1667203515391.jpg 1 0 0 750 1125
p/1667203515392.jpg 1 0 0 750 1125
p/a6396dede637eb9d2ff8c3f9f927f8e0.jpg 1 0 0 948 1185
p/b2746d9af0a42441c34789ebc47670bb.jpg 1 0 0 298 416
p/64794.jpeg 1 0 0 1024 1024
p/istockphoto-1329622588-612x612.jpg 1 0 0 612 408
p/p066st0k.jpg 1 0 0 976 549
p/1_DW3-mBLhOOAFIFUVYUkgsQ.png 1 0 0 966 648
p/60b26b5ee6c758000450899b.png 1 0 0 300 300
p/t600x362.jpg 1 0 0 600 360
p/058483900_1525515185-iStock-640299760.jpg 1 0 0 1200 900
p/royalface-procedimentos-preenchimento-facial-home.jpg 1 0 0 440 440
p/1493458748-beauty-face-517.jpg 1 0 0 926 517
p/mobile-05.jpg 1 0 0 800 800
p/muhammad-ali-1-raw.jpg 1 0 0 620 653
p/muhammad-ali-10-things-hero-2.jpg 1 0 0 1200 900
p/muhammad_ali_photo_by_stanley_weston_archive_photos_getty_482857506.jpg 1 0 0 1200 1200
p/Muhammad_Ali_NYWTS.jpg 1 0 0 2932 3669
p/20220503-HAN04040.jpg 1 0 0 4000 6000
p/20220503-HAN04012.jpg 1 0 0 4000 6000
p/20220503-HAN03995.jpg 1 0 0 4000 6000
p/20220418-HAN03854.jpg 1 0 0 4000 6000
p/Zhang_Ziyi_0002.jpg 1 0 0 250 250
p/Zhang_Ziyi_0003.jpg 1 0 0 250 250
p/Zhang_Ziyi_0004.jpg 1 0 0 250 250
p/Zhong_Nanshan_0001.jpg 1 0 0 250 250
p/Zhu_Rongji_0001.jpg 1 0 0 250 250
p/Zhu_Rongji_0002.jpg 1 0 0 250 250
p/Zhu_Rongji_0003.jpg 1 0 0 250 250
p/Zhu_Rongji_0004.jpg 1 0 0 250 250
p/Zhu_Rongji_0005.jpg 1 0 0 250 250
p/Zhu_Rongji_0006.jpg 1 0 0 250 250
p/Zhu_Rongji_0007.jpg 1 0 0 250 250
p/Zhu_Rongji_0008.jpg 1 0 0 250 250
p/Zhu_Rongji_0009.jpg 1 0 0 250 250
p/Zico_0001.jpg 1 0 0 250 250
p/Zico_0002.jpg 1 0 0 250 250
p/Zico_0003.jpg 1 0 0 250 250
p/Zinedine_Zidane_0001.jpg 1 0 0 250 250
p/Zinedine_Zidane_0002.jpg 1 0 0 250 250
p/Zinedine_Zidane_0003.jpg 1 0 0 250 250
p/Zinedine_Zidane_0004.jpg 1 0 0 250 250
p/Zinedine_Zidane_0005.jpg 1 0 0 250 250
p/Zinedine_Zidane_0006.jpg 1 0 0 250 250
p/Ziwang_Xu_0001.jpg 1 0 0 250 250
p/Zoe_Ball_0001.jpg 1 0 0 250 250
p/Zoran_Djindjic_0001.jpg 1 0 0 250 250
p/Zoran_Djindjic_0002.jpg 1 0 0 250 250
p/Zoran_Djindjic_0003.jpg 1 0 0 250 250
p/Zoran_Djindjic_0004.jpg 1 0 0 250 250
p/Zorica_Radovic_0001.jpg 1 0 0 250 250
p/Zulfiqar_Ahmed_0001.jpg 1 0 0 250 250
p/Zumrati_Juma_0001.jpg 1 0 0 250 250
p/Zurab_Tsereteli_0001.jpg 1 0 0 250 250
p/William_McDonough_0001.jpg 1 0 0 250 250
p/William_Pryor_Jr_0001.jpg 1 0 0 250 250
p/William_Umbach_0001.jpg 1 0 0 250 250
p/William_Webster_0001.jpg 1 0 0 250 250
p/Zeljko_Rebraca_0001.jpg 1 0 0 250 250
p/Zelma_Novelo_0001.jpg 1 0 0 250 250
p/Zeng_Qinghong_0001.jpg 1 0 0 250 250
p/Zhang_Wenkang_0001.jpg 1 0 0 250 250
p/Zhang_Wenkang_0002.jpg 1 0 0 250 250
p/Zhang_Yimou_0001.jpg 1 0 0 250 250
p/Zhang_Ziyi_0001.jpg 1 0 0 250 250
p/William_Cocksedge_0001.jpg 1 0 0 250 250
p/Vitali_Klitschko_0001.jpg 1 0 0 250 250
p/Vitali_Klitschko_0002.jpg 1 0 0 250 250
p/Vitali_Klitschko_0003.jpg 1 0 0 250 250
p/Vitali_Klitschko_0004.jpg 1 0 0 250 250
p/Walt_Harris_0001.jpg 1 0 0 250 250
p/Warren_Granados_0001.jpg 1 0 0 250 250
p/Werner_Schlager_0001.jpg 1 0 0 250 250
p/Tony_Elias_0001.jpg 1 0 0 250 250
p/Tracy_Wyle_0001.jpg 1 0 0 250 250
p/Tom_Ridge_0001.jpg 1 0 0 250 250
p/Tom_Ridge_0002.jpg 1 0 0 250 250
p/Tom_Ridge_0003.jpg 1 0 0 250 250
p/Tom_Ridge_0004.jpg 1 0 0 250 250
p/Tom_Ridge_0005.jpg 1 0 0 250 250
p/Tom_Ridge_0006.jpg 1 0 0 250 250
p/Tom_Ridge_0007.jpg 1 0 0 250 250
p/Tom_Ridge_0008.jpg 1 0 0 250 250
p/Tom_Ridge_0009.jpg 1 0 0 250 250
p/Tom_Ridge_0010.jpg 1 0 0 250 250
p/Tom_Ridge_0011.jpg 1 0 0 250 250
p/Tom_Ridge_0012.jpg 1 0 0 250 250
p/Tom_Ridge_0013.jpg 1 0 0 250 250
p/Tom_Ridge_0014.jpg 1 0 0 250 250
p/Tom_Ridge_0015.jpg 1 0 0 250 250
p/Tom_Ridge_0016.jpg 1 0 0 250 250
p/Tom_Ridge_0017.jpg 1 0 0 250 250
p/Tom_Ridge_0018.jpg 1 0 0 250 250
p/Tom_Ridge_0019.jpg 1 0 0 250 250
p/Tom_Ridge_0020.jpg 1 0 0 250 250
p/Tom_Ridge_0021.jpg 1 0 0 250 250
p/Tom_Ridge_0022.jpg 1 0 0 250 250
p/Tom_Ridge_0023.jpg 1 0 0 250 250
p/Tom_Ridge_0024.jpg 1 0 0 250 250
p/Tom_Ridge_0025.jpg 1 0 0 250 250
p/Tom_Ridge_0026.jpg 1 0 0 250 250
p/Tom_Ridge_0027.jpg 1 0 0 250 250
p/Tom_Ridge_0028.jpg 1 0 0 250 250
p/Tom_Ridge_0029.jpg 1 0 0 250 250
p/Tom_Ridge_0030.jpg 1 0 0 250 250
p/Tom_Ridge_0031.jpg 1 0 0 250 250
p/Tom_Ridge_0032.jpg 1 0 0 250 250
p/Tom_Ridge_0033.jpg 1 0 0 250 250
p/Tommy_Franks_0001.jpg 1 0 0 250 250
p/Tommy_Franks_0002.jpg 1 0 0 250 250
p/Tommy_Franks_0003.jpg 1 0 0 250 250
p/Tommy_Franks_0004.jpg 1 0 0 250 250
p/Tommy_Franks_0005.jpg 1 0 0 250 250
p/Tommy_Franks_0006.jpg 1 0 0 250 250
p/Tommy_Franks_0007.jpg 1 0 0 250 250
p/Tommy_Franks_0008.jpg 1 0 0 250 250
p/Tommy_Franks_0009.jpg 1 0 0 250 250
p/Tommy_Franks_0010.jpg 1 0 0 250 250
p/Tommy_Franks_0011.jpg 1 0 0 250 250
p/Tommy_Franks_0012.jpg 1 0 0 250 250
p/Tommy_Franks_0013.jpg 1 0 0 250 250
p/Tommy_Franks_0014.jpg 1 0 0 250 250
p/Tommy_Franks_0015.jpg 1 0 0 250 250
p/Tommy_Franks_0016.jpg 1 0 0 250 250
p/Tom_Craddick_0001.jpg 1 0 0 250 250
p/Tom_Craddick_0002.jpg 1 0 0 250 250
p/Tom_Craddick_0003.jpg 1 0 0 250 250
p/Tom_Craddick_0004.jpg 1 0 0 250 250
p/Thomas_Mesereau_Jr_0001.jpg 1 0 0 250 250
p/Tina_Conner_0001.jpg 1 0 0 250 250
p/Teruaki_Masumoto_0001.jpg 1 0 0 250 250
p/Tayyeb_Abdel_Rahim_0001.jpg 1 0 0 250 250
p/Steve_Shiver_0001.jpg 1 0 0 250 250
p/Suh_Young-hoon_0001.jpg 1 0 0 250 250
p/Takeshi_Kitano_0001.jpg 1 0 0 250 250
p/Stephen_Keener_0001.jpg 1 0 0 250 250
p/Sandy_Wise_0001.jpg 1 0 0 250 250
p/Romeo_Gigli_0001.jpg 1 0 0 250 250
p/Rolf_Eckrodt_0001.jpg 1 0 0 250 250
p/Rolf_Eckrodt_0002.jpg 1 0 0 250 250
p/Aaron_Eckhart_0001.jpg 1 0 0 250 250